[3J[H[2JCleaned!
-- The C compiler identification is GNU 7.4.0
-- The CXX compiler identification is GNU 7.4.0
-- Check for working C compiler: /usr/bin/cc
-- Check for working C compiler: /usr/bin/cc -- works
-- Detecting C compiler ABI info
-- Detecting C compiler ABI info - done
-- Detecting C compile features
-- Detecting C compile features - done
-- Check for working CXX compiler: /usr/bin/c++
-- Check for working CXX compiler: /usr/bin/c++ -- works
-- Detecting CXX compiler ABI info
-- Detecting CXX compiler ABI info - done
-- Detecting CXX compile features
-- Detecting CXX compile features - done
-- Autopilot invoked
###
#
#  Project  mark  set up with  deal.II-8.5.1  found at
#      /usr
#
#  CMAKE_BUILD_TYPE:          Debug
#
#  You can now run
#       $ make                - to compile and link the program
#       $ make run            - to (compile, link and) run the program
#
#       $ make debug          - to switch the build type to 'Debug'
#       $ make release        - to switch the build type to 'Release'
#
#       $ make edit_cache     - to change (cached) configuration variables
#                               and rerun the configure and generate phases of CMake
#
#       $ make strip_comments - to strip the source files in this
#                               directory off the documentation comments
#       $ make clean          - to remove the generated executable as well as
#                               all intermediate compilation files
#       $ make runclean       - to remove all output generated by the program
#       $ make distclean      - to clean the directory from _all_ generated
#                               files (includes clean, runclean and the removal
#                               of the generated build system)
#       $ make info           - to view this message again
#
#  Have a nice day!
#
###
-- Configuring done
-- Generating done
-- Build files have been written to: /home/ajack/fem-research/codes/mycode/parallel
[3J[H[2JCleaned!
-- The C compiler identification is GNU 7.4.0
-- The CXX compiler identification is GNU 7.4.0
-- Check for working C compiler: /usr/bin/cc
-- Check for working C compiler: /usr/bin/cc -- works
-- Detecting C compiler ABI info
-- Detecting C compiler ABI info - done
-- Detecting C compile features
-- Detecting C compile features - done
-- Check for working CXX compiler: /usr/bin/c++
-- Check for working CXX compiler: /usr/bin/c++ -- works
-- Detecting CXX compiler ABI info
-- Detecting CXX compiler ABI info - done
-- Detecting CXX compile features
-- Detecting CXX compile features - done
-- Autopilot invoked
###
#
#  Project  mark  set up with  deal.II-8.5.1  found at
#      /usr
#
#  CMAKE_BUILD_TYPE:          Debug
#
#  You can now run
#       $ make                - to compile and link the program
#       $ make run            - to (compile, link and) run the program
#
#       $ make debug          - to switch the build type to 'Debug'
#       $ make release        - to switch the build type to 'Release'
#
#       $ make edit_cache     - to change (cached) configuration variables
#                               and rerun the configure and generate phases of CMake
#
#       $ make strip_comments - to strip the source files in this
#                               directory off the documentation comments
#       $ make clean          - to remove the generated executable as well as
#                               all intermediate compilation files
#       $ make runclean       - to remove all output generated by the program
#       $ make distclean      - to clean the directory from _all_ generated
#                               files (includes clean, runclean and the removal
#                               of the generated build system)
#       $ make info           - to view this message again
#
#  Have a nice day!
#
###
-- Configuring done
-- Generating done
-- Build files have been written to: /home/ajack/fem-research/codes/mycode/parallel
[3J[H[2JCleaned!
-- The C compiler identification is GNU 7.4.0
-- The CXX compiler identification is GNU 7.4.0
-- Check for working C compiler: /usr/bin/cc
-- Check for working C compiler: /usr/bin/cc -- works
-- Detecting C compiler ABI info
-- Detecting C compiler ABI info - done
-- Detecting C compile features
-- Detecting C compile features - done
-- Check for working CXX compiler: /usr/bin/c++
-- Check for working CXX compiler: /usr/bin/c++ -- works
-- Detecting CXX compiler ABI info
-- Detecting CXX compiler ABI info - done
-- Detecting CXX compile features
-- Detecting CXX compile features - done
-- Autopilot invoked
###
#
#  Project  mark  set up with  deal.II-8.5.1  found at
#      /usr
#
#  CMAKE_BUILD_TYPE:          Debug
#
#  You can now run
#       $ make                - to compile and link the program
#       $ make run            - to (compile, link and) run the program
#
#       $ make debug          - to switch the build type to 'Debug'
#       $ make release        - to switch the build type to 'Release'
#
#       $ make edit_cache     - to change (cached) configuration variables
#                               and rerun the configure and generate phases of CMake
#
#       $ make strip_comments - to strip the source files in this
#                               directory off the documentation comments
#       $ make clean          - to remove the generated executable as well as
#                               all intermediate compilation files
#       $ make runclean       - to remove all output generated by the program
#       $ make distclean      - to clean the directory from _all_ generated
#                               files (includes clean, runclean and the removal
#                               of the generated build system)
#       $ make info           - to view this message again
#
#  Have a nice day!
#
###
-- Configuring done
-- Generating done
-- Build files have been written to: /home/ajack/fem-research/codes/mycode/parallel
[3J[H[2JCleaned!
-- The C compiler identification is GNU 7.4.0
-- The CXX compiler identification is GNU 7.4.0
-- Check for working C compiler: /usr/bin/cc
-- Check for working C compiler: /usr/bin/cc -- works
-- Detecting C compiler ABI info
-- Detecting C compiler ABI info - done
-- Detecting C compile features
-- Detecting C compile features - done
-- Check for working CXX compiler: /usr/bin/c++
-- Check for working CXX compiler: /usr/bin/c++ -- works
-- Detecting CXX compiler ABI info
-- Detecting CXX compiler ABI info - done
-- Detecting CXX compile features
-- Detecting CXX compile features - done
-- Autopilot invoked
###
#
#  Project  mark  set up with  deal.II-8.5.1  found at
#      /usr
#
#  CMAKE_BUILD_TYPE:          Debug
#
#  You can now run
#       $ make                - to compile and link the program
#       $ make run            - to (compile, link and) run the program
#
#       $ make debug          - to switch the build type to 'Debug'
#       $ make release        - to switch the build type to 'Release'
#
#       $ make edit_cache     - to change (cached) configuration variables
#                               and rerun the configure and generate phases of CMake
#
#       $ make strip_comments - to strip the source files in this
#                               directory off the documentation comments
#       $ make clean          - to remove the generated executable as well as
#                               all intermediate compilation files
#       $ make runclean       - to remove all output generated by the program
#       $ make distclean      - to clean the directory from _all_ generated
#                               files (includes clean, runclean and the removal
#                               of the generated build system)
#       $ make info           - to view this message again
#
#  Have a nice day!
#
###
-- Configuring done
-- Generating done
-- Build files have been written to: /home/ajack/fem-research/codes/mycode/parallel
[3J[H[2JCleaned!
-- The C compiler identification is GNU 7.4.0
-- The CXX compiler identification is GNU 7.4.0
-- Check for working C compiler: /usr/bin/cc
-- Check for working C compiler: /usr/bin/cc -- works
-- Detecting C compiler ABI info
-- Detecting C compiler ABI info - done
-- Detecting C compile features
-- Detecting C compile features - done
-- Check for working CXX compiler: /usr/bin/c++
-- Check for working CXX compiler: /usr/bin/c++ -- works
-- Detecting CXX compiler ABI info
-- Detecting CXX compiler ABI info - done
-- Detecting CXX compile features
-- Detecting CXX compile features - done
-- Autopilot invoked
###
#
#  Project  mark  set up with  deal.II-8.5.1  found at
#      /usr
#
#  CMAKE_BUILD_TYPE:          Debug
#
#  You can now run
#       $ make                - to compile and link the program
#       $ make run            - to (compile, link and) run the program
#
#       $ make debug          - to switch the build type to 'Debug'
#       $ make release        - to switch the build type to 'Release'
#
#       $ make edit_cache     - to change (cached) configuration variables
#                               and rerun the configure and generate phases of CMake
#
#       $ make strip_comments - to strip the source files in this
#                               directory off the documentation comments
#       $ make clean          - to remove the generated executable as well as
#                               all intermediate compilation files
#       $ make runclean       - to remove all output generated by the program
#       $ make distclean      - to clean the directory from _all_ generated
#                               files (includes clean, runclean and the removal
#                               of the generated build system)
#       $ make info           - to view this message again
#
#  Have a nice day!
#
###
-- Configuring done
-- Generating done
-- Build files have been written to: /home/ajack/fem-research/codes/mycode/parallel
[3J[H[2JCleaned!
-- The C compiler identification is GNU 7.4.0
-- The CXX compiler identification is GNU 7.4.0
-- Check for working C compiler: /usr/bin/cc
-- Check for working C compiler: /usr/bin/cc -- works
-- Detecting C compiler ABI info
-- Detecting C compiler ABI info - done
-- Detecting C compile features
-- Detecting C compile features - done
-- Check for working CXX compiler: /usr/bin/c++
-- Check for working CXX compiler: /usr/bin/c++ -- works
-- Detecting CXX compiler ABI info
-- Detecting CXX compiler ABI info - done
-- Detecting CXX compile features
-- Detecting CXX compile features - done
-- Autopilot invoked
###
#
#  Project  mark  set up with  deal.II-8.5.1  found at
#      /usr
#
#  CMAKE_BUILD_TYPE:          Debug
#
#  You can now run
#       $ make                - to compile and link the program
#       $ make run            - to (compile, link and) run the program
#
#       $ make debug          - to switch the build type to 'Debug'
#       $ make release        - to switch the build type to 'Release'
#
#       $ make edit_cache     - to change (cached) configuration variables
#                               and rerun the configure and generate phases of CMake
#
#       $ make strip_comments - to strip the source files in this
#                               directory off the documentation comments
#       $ make clean          - to remove the generated executable as well as
#                               all intermediate compilation files
#       $ make runclean       - to remove all output generated by the program
#       $ make distclean      - to clean the directory from _all_ generated
#                               files (includes clean, runclean and the removal
#                               of the generated build system)
#       $ make info           - to view this message again
#
#  Have a nice day!
#
###
-- Configuring done
-- Generating done
-- Build files have been written to: /home/ajack/fem-research/codes/mycode/parallel
