The system is: Linux - 2.6.32-279.el6.x86_64 - x86_64
Compiling the C compiler identification source file "CMakeCCompilerId.c" succeeded.
Compiler: /opt/apps/gcc/4.7.2/bin/gcc 
Build flags: 
Id flags: 

The output was:
0


Compilation of the C compiler identification source "CMakeCCompilerId.c" produced "a.out"

The C compiler identification is GNU, found in "/home/ajack/research/codes/examples/step-11/CMakeFiles/3.1.3/CompilerIdC/a.out"

Compiling the CXX compiler identification source file "CMakeCXXCompilerId.cpp" succeeded.
Compiler: /opt/apps/gcc/4.7.2/bin/g++ 
Build flags: 
Id flags: 

The output was:
0


Compilation of the CXX compiler identification source "CMakeCXXCompilerId.cpp" produced "a.out"

The CXX compiler identification is GNU, found in "/home/ajack/research/codes/examples/step-11/CMakeFiles/3.1.3/CompilerIdCXX/a.out"

Determining if the C compiler works passed with the following output:
Change Dir: /home/ajack/research/codes/examples/step-11/CMakeFiles/CMakeTmp

Run Build Command:"/usr/bin/gmake" "cmTryCompileExec4001898547/fast"
/usr/bin/gmake -f CMakeFiles/cmTryCompileExec4001898547.dir/build.make CMakeFiles/cmTryCompileExec4001898547.dir/build
gmake[1]: Entering directory `/home/ajack/research/codes/examples/step-11/CMakeFiles/CMakeTmp'
/opt/apps/cmake/3.1.3/bin/cmake -E cmake_progress_report /home/ajack/research/codes/examples/step-11/CMakeFiles/CMakeTmp/CMakeFiles 1
Building C object CMakeFiles/cmTryCompileExec4001898547.dir/testCCompiler.c.o
/opt/apps/gcc/4.7.2/bin/gcc    -o CMakeFiles/cmTryCompileExec4001898547.dir/testCCompiler.c.o   -c /home/ajack/research/codes/examples/step-11/CMakeFiles/CMakeTmp/testCCompiler.c
Linking C executable cmTryCompileExec4001898547
/opt/apps/cmake/3.1.3/bin/cmake -E cmake_link_script CMakeFiles/cmTryCompileExec4001898547.dir/link.txt --verbose=1
/opt/apps/gcc/4.7.2/bin/gcc      CMakeFiles/cmTryCompileExec4001898547.dir/testCCompiler.c.o  -o cmTryCompileExec4001898547 -rdynamic 
gmake[1]: Leaving directory `/home/ajack/research/codes/examples/step-11/CMakeFiles/CMakeTmp'


Detecting C compiler ABI info compiled with the following output:
Change Dir: /home/ajack/research/codes/examples/step-11/CMakeFiles/CMakeTmp

Run Build Command:"/usr/bin/gmake" "cmTryCompileExec2331305739/fast"
/usr/bin/gmake -f CMakeFiles/cmTryCompileExec2331305739.dir/build.make CMakeFiles/cmTryCompileExec2331305739.dir/build
gmake[1]: Entering directory `/home/ajack/research/codes/examples/step-11/CMakeFiles/CMakeTmp'
/opt/apps/cmake/3.1.3/bin/cmake -E cmake_progress_report /home/ajack/research/codes/examples/step-11/CMakeFiles/CMakeTmp/CMakeFiles 1
Building C object CMakeFiles/cmTryCompileExec2331305739.dir/CMakeCCompilerABI.c.o
/opt/apps/gcc/4.7.2/bin/gcc    -o CMakeFiles/cmTryCompileExec2331305739.dir/CMakeCCompilerABI.c.o   -c /opt/apps/cmake/3.1.3/share/cmake-3.1/Modules/CMakeCCompilerABI.c
Linking C executable cmTryCompileExec2331305739
/opt/apps/cmake/3.1.3/bin/cmake -E cmake_link_script CMakeFiles/cmTryCompileExec2331305739.dir/link.txt --verbose=1
/opt/apps/gcc/4.7.2/bin/gcc     -v CMakeFiles/cmTryCompileExec2331305739.dir/CMakeCCompilerABI.c.o  -o cmTryCompileExec2331305739 -rdynamic  
Using built-in specs.
COLLECT_GCC=/opt/apps/gcc/4.7.2/bin/gcc
COLLECT_LTO_WRAPPER=/opt/apps/gcc/4.7.2/libexec/gcc/x86_64-unknown-linux-gnu/4.7.2/lto-wrapper
Target: x86_64-unknown-linux-gnu
Configured with: ./configure --prefix=/opt/apps/gcc/4.7.2 --enable-bootstrap --enable-checking=release --enable-__cxa_atexit --enable-languages=c,c++,fortran --enable-shared --with-arch_32=i686 --with-system-zlib --with-tune=generic --with-gmp=/opt/apps/gcc/4.7.2 --with-mpfr=/opt/apps/gcc/4.7.2 --with-mpc=/opt/apps/gcc/4.7.2
Thread model: posix
gcc version 4.7.2 (GCC) 
COMPILER_PATH=/opt/apps/gcc/4.7.2/libexec/gcc/x86_64-unknown-linux-gnu/4.7.2/:/opt/apps/gcc/4.7.2/libexec/gcc/x86_64-unknown-linux-gnu/4.7.2/:/opt/apps/gcc/4.7.2/libexec/gcc/x86_64-unknown-linux-gnu/:/opt/apps/gcc/4.7.2/lib/gcc/x86_64-unknown-linux-gnu/4.7.2/:/opt/apps/gcc/4.7.2/lib/gcc/x86_64-unknown-linux-gnu/
LIBRARY_PATH=/opt/apps/gcc/4.7.2/lib/gcc/x86_64-unknown-linux-gnu/4.7.2/:/opt/apps/gcc/4.7.2/lib/gcc/x86_64-unknown-linux-gnu/4.7.2/../../../../lib64/:/lib/../lib64/:/usr/lib/../lib64/:/opt/apps/gcc/4.7.2/lib/gcc/x86_64-unknown-linux-gnu/4.7.2/../../../:/lib/:/usr/lib/
COLLECT_GCC_OPTIONS='-v' '-o' 'cmTryCompileExec2331305739' '-rdynamic' '-mtune=generic' '-march=x86-64'
 /opt/apps/gcc/4.7.2/libexec/gcc/x86_64-unknown-linux-gnu/4.7.2/collect2 --eh-frame-hdr -m elf_x86_64 -export-dynamic -dynamic-linker /lib64/ld-linux-x86-64.so.2 -o cmTryCompileExec2331305739 /usr/lib/../lib64/crt1.o /usr/lib/../lib64/crti.o /opt/apps/gcc/4.7.2/lib/gcc/x86_64-unknown-linux-gnu/4.7.2/crtbegin.o -L/opt/apps/gcc/4.7.2/lib/gcc/x86_64-unknown-linux-gnu/4.7.2 -L/opt/apps/gcc/4.7.2/lib/gcc/x86_64-unknown-linux-gnu/4.7.2/../../../../lib64 -L/lib/../lib64 -L/usr/lib/../lib64 -L/opt/apps/gcc/4.7.2/lib/gcc/x86_64-unknown-linux-gnu/4.7.2/../../.. CMakeFiles/cmTryCompileExec2331305739.dir/CMakeCCompilerABI.c.o -lgcc --as-needed -lgcc_s --no-as-needed -lc -lgcc --as-needed -lgcc_s --no-as-needed /opt/apps/gcc/4.7.2/lib/gcc/x86_64-unknown-linux-gnu/4.7.2/crtend.o /usr/lib/../lib64/crtn.o
gmake[1]: Leaving directory `/home/ajack/research/codes/examples/step-11/CMakeFiles/CMakeTmp'


Parsed C implicit link information from above output:
  link line regex: [^( *|.*[/\])(ld|([^/\]+-)?ld|collect2)[^/\]*( |$)]
  ignore line: [Change Dir: /home/ajack/research/codes/examples/step-11/CMakeFiles/CMakeTmp]
  ignore line: []
  ignore line: [Run Build Command:"/usr/bin/gmake" "cmTryCompileExec2331305739/fast"]
  ignore line: [/usr/bin/gmake -f CMakeFiles/cmTryCompileExec2331305739.dir/build.make CMakeFiles/cmTryCompileExec2331305739.dir/build]
  ignore line: [gmake[1]: Entering directory `/home/ajack/research/codes/examples/step-11/CMakeFiles/CMakeTmp']
  ignore line: [/opt/apps/cmake/3.1.3/bin/cmake -E cmake_progress_report /home/ajack/research/codes/examples/step-11/CMakeFiles/CMakeTmp/CMakeFiles 1]
  ignore line: [Building C object CMakeFiles/cmTryCompileExec2331305739.dir/CMakeCCompilerABI.c.o]
  ignore line: [/opt/apps/gcc/4.7.2/bin/gcc    -o CMakeFiles/cmTryCompileExec2331305739.dir/CMakeCCompilerABI.c.o   -c /opt/apps/cmake/3.1.3/share/cmake-3.1/Modules/CMakeCCompilerABI.c]
  ignore line: [Linking C executable cmTryCompileExec2331305739]
  ignore line: [/opt/apps/cmake/3.1.3/bin/cmake -E cmake_link_script CMakeFiles/cmTryCompileExec2331305739.dir/link.txt --verbose=1]
  ignore line: [/opt/apps/gcc/4.7.2/bin/gcc     -v CMakeFiles/cmTryCompileExec2331305739.dir/CMakeCCompilerABI.c.o  -o cmTryCompileExec2331305739 -rdynamic  ]
  ignore line: [Using built-in specs.]
  ignore line: [COLLECT_GCC=/opt/apps/gcc/4.7.2/bin/gcc]
  ignore line: [COLLECT_LTO_WRAPPER=/opt/apps/gcc/4.7.2/libexec/gcc/x86_64-unknown-linux-gnu/4.7.2/lto-wrapper]
  ignore line: [Target: x86_64-unknown-linux-gnu]
  ignore line: [Configured with: ./configure --prefix=/opt/apps/gcc/4.7.2 --enable-bootstrap --enable-checking=release --enable-__cxa_atexit --enable-languages=c,c++,fortran --enable-shared --with-arch_32=i686 --with-system-zlib --with-tune=generic --with-gmp=/opt/apps/gcc/4.7.2 --with-mpfr=/opt/apps/gcc/4.7.2 --with-mpc=/opt/apps/gcc/4.7.2]
  ignore line: [Thread model: posix]
  ignore line: [gcc version 4.7.2 (GCC) ]
  ignore line: [COMPILER_PATH=/opt/apps/gcc/4.7.2/libexec/gcc/x86_64-unknown-linux-gnu/4.7.2/:/opt/apps/gcc/4.7.2/libexec/gcc/x86_64-unknown-linux-gnu/4.7.2/:/opt/apps/gcc/4.7.2/libexec/gcc/x86_64-unknown-linux-gnu/:/opt/apps/gcc/4.7.2/lib/gcc/x86_64-unknown-linux-gnu/4.7.2/:/opt/apps/gcc/4.7.2/lib/gcc/x86_64-unknown-linux-gnu/]
  ignore line: [LIBRARY_PATH=/opt/apps/gcc/4.7.2/lib/gcc/x86_64-unknown-linux-gnu/4.7.2/:/opt/apps/gcc/4.7.2/lib/gcc/x86_64-unknown-linux-gnu/4.7.2/../../../../lib64/:/lib/../lib64/:/usr/lib/../lib64/:/opt/apps/gcc/4.7.2/lib/gcc/x86_64-unknown-linux-gnu/4.7.2/../../../:/lib/:/usr/lib/]
  ignore line: [COLLECT_GCC_OPTIONS='-v' '-o' 'cmTryCompileExec2331305739' '-rdynamic' '-mtune=generic' '-march=x86-64']
  link line: [ /opt/apps/gcc/4.7.2/libexec/gcc/x86_64-unknown-linux-gnu/4.7.2/collect2 --eh-frame-hdr -m elf_x86_64 -export-dynamic -dynamic-linker /lib64/ld-linux-x86-64.so.2 -o cmTryCompileExec2331305739 /usr/lib/../lib64/crt1.o /usr/lib/../lib64/crti.o /opt/apps/gcc/4.7.2/lib/gcc/x86_64-unknown-linux-gnu/4.7.2/crtbegin.o -L/opt/apps/gcc/4.7.2/lib/gcc/x86_64-unknown-linux-gnu/4.7.2 -L/opt/apps/gcc/4.7.2/lib/gcc/x86_64-unknown-linux-gnu/4.7.2/../../../../lib64 -L/lib/../lib64 -L/usr/lib/../lib64 -L/opt/apps/gcc/4.7.2/lib/gcc/x86_64-unknown-linux-gnu/4.7.2/../../.. CMakeFiles/cmTryCompileExec2331305739.dir/CMakeCCompilerABI.c.o -lgcc --as-needed -lgcc_s --no-as-needed -lc -lgcc --as-needed -lgcc_s --no-as-needed /opt/apps/gcc/4.7.2/lib/gcc/x86_64-unknown-linux-gnu/4.7.2/crtend.o /usr/lib/../lib64/crtn.o]
    arg [/opt/apps/gcc/4.7.2/libexec/gcc/x86_64-unknown-linux-gnu/4.7.2/collect2] ==> ignore
    arg [--eh-frame-hdr] ==> ignore
    arg [-m] ==> ignore
    arg [elf_x86_64] ==> ignore
    arg [-export-dynamic] ==> ignore
    arg [-dynamic-linker] ==> ignore
    arg [/lib64/ld-linux-x86-64.so.2] ==> ignore
    arg [-o] ==> ignore
    arg [cmTryCompileExec2331305739] ==> ignore
    arg [/usr/lib/../lib64/crt1.o] ==> ignore
    arg [/usr/lib/../lib64/crti.o] ==> ignore
    arg [/opt/apps/gcc/4.7.2/lib/gcc/x86_64-unknown-linux-gnu/4.7.2/crtbegin.o] ==> ignore
    arg [-L/opt/apps/gcc/4.7.2/lib/gcc/x86_64-unknown-linux-gnu/4.7.2] ==> dir [/opt/apps/gcc/4.7.2/lib/gcc/x86_64-unknown-linux-gnu/4.7.2]
    arg [-L/opt/apps/gcc/4.7.2/lib/gcc/x86_64-unknown-linux-gnu/4.7.2/../../../../lib64] ==> dir [/opt/apps/gcc/4.7.2/lib/gcc/x86_64-unknown-linux-gnu/4.7.2/../../../../lib64]
    arg [-L/lib/../lib64] ==> dir [/lib/../lib64]
    arg [-L/usr/lib/../lib64] ==> dir [/usr/lib/../lib64]
    arg [-L/opt/apps/gcc/4.7.2/lib/gcc/x86_64-unknown-linux-gnu/4.7.2/../../..] ==> dir [/opt/apps/gcc/4.7.2/lib/gcc/x86_64-unknown-linux-gnu/4.7.2/../../..]
    arg [CMakeFiles/cmTryCompileExec2331305739.dir/CMakeCCompilerABI.c.o] ==> ignore
    arg [-lgcc] ==> lib [gcc]
    arg [--as-needed] ==> ignore
    arg [-lgcc_s] ==> lib [gcc_s]
    arg [--no-as-needed] ==> ignore
    arg [-lc] ==> lib [c]
    arg [-lgcc] ==> lib [gcc]
    arg [--as-needed] ==> ignore
    arg [-lgcc_s] ==> lib [gcc_s]
    arg [--no-as-needed] ==> ignore
    arg [/opt/apps/gcc/4.7.2/lib/gcc/x86_64-unknown-linux-gnu/4.7.2/crtend.o] ==> ignore
    arg [/usr/lib/../lib64/crtn.o] ==> ignore
  remove lib [gcc]
  remove lib [gcc_s]
  remove lib [gcc]
  remove lib [gcc_s]
  collapse library dir [/opt/apps/gcc/4.7.2/lib/gcc/x86_64-unknown-linux-gnu/4.7.2] ==> [/opt/apps/gcc/4.7.2/lib/gcc/x86_64-unknown-linux-gnu/4.7.2]
  collapse library dir [/opt/apps/gcc/4.7.2/lib/gcc/x86_64-unknown-linux-gnu/4.7.2/../../../../lib64] ==> [/opt/apps/gcc/4.7.2/lib64]
  collapse library dir [/lib/../lib64] ==> [/lib64]
  collapse library dir [/usr/lib/../lib64] ==> [/usr/lib64]
  collapse library dir [/opt/apps/gcc/4.7.2/lib/gcc/x86_64-unknown-linux-gnu/4.7.2/../../..] ==> [/opt/apps/gcc/4.7.2/lib]
  implicit libs: [c]
  implicit dirs: [/opt/apps/gcc/4.7.2/lib/gcc/x86_64-unknown-linux-gnu/4.7.2;/opt/apps/gcc/4.7.2/lib64;/lib64;/usr/lib64;/opt/apps/gcc/4.7.2/lib]
  implicit fwks: []




Detecting C [-std=c90] compiler features compiled with the following output:
Change Dir: /home/ajack/research/codes/examples/step-11/CMakeFiles/CMakeTmp

Run Build Command:"/usr/bin/gmake" "cmTryCompileExec3547476649/fast"
/usr/bin/gmake -f CMakeFiles/cmTryCompileExec3547476649.dir/build.make CMakeFiles/cmTryCompileExec3547476649.dir/build
gmake[1]: Entering directory `/home/ajack/research/codes/examples/step-11/CMakeFiles/CMakeTmp'
/opt/apps/cmake/3.1.3/bin/cmake -E cmake_progress_report /home/ajack/research/codes/examples/step-11/CMakeFiles/CMakeTmp/CMakeFiles 1
Building C object CMakeFiles/cmTryCompileExec3547476649.dir/feature_tests.c.o
/opt/apps/gcc/4.7.2/bin/gcc   -std=c90 -o CMakeFiles/cmTryCompileExec3547476649.dir/feature_tests.c.o   -c /home/ajack/research/codes/examples/step-11/CMakeFiles/feature_tests.c
Linking C executable cmTryCompileExec3547476649
/opt/apps/cmake/3.1.3/bin/cmake -E cmake_link_script CMakeFiles/cmTryCompileExec3547476649.dir/link.txt --verbose=1
/opt/apps/gcc/4.7.2/bin/gcc      CMakeFiles/cmTryCompileExec3547476649.dir/feature_tests.c.o  -o cmTryCompileExec3547476649 -rdynamic 
gmake[1]: Leaving directory `/home/ajack/research/codes/examples/step-11/CMakeFiles/CMakeTmp'


    Feature record: C_FEATURE:1c_function_prototypes
    Feature record: C_FEATURE:0c_restrict
    Feature record: C_FEATURE:0c_static_assert
    Feature record: C_FEATURE:0c_variadic_macros


Detecting C [-std=c99] compiler features compiled with the following output:
Change Dir: /home/ajack/research/codes/examples/step-11/CMakeFiles/CMakeTmp

Run Build Command:"/usr/bin/gmake" "cmTryCompileExec3875704395/fast"
/usr/bin/gmake -f CMakeFiles/cmTryCompileExec3875704395.dir/build.make CMakeFiles/cmTryCompileExec3875704395.dir/build
gmake[1]: Entering directory `/home/ajack/research/codes/examples/step-11/CMakeFiles/CMakeTmp'
/opt/apps/cmake/3.1.3/bin/cmake -E cmake_progress_report /home/ajack/research/codes/examples/step-11/CMakeFiles/CMakeTmp/CMakeFiles 1
Building C object CMakeFiles/cmTryCompileExec3875704395.dir/feature_tests.c.o
/opt/apps/gcc/4.7.2/bin/gcc   -std=c99 -o CMakeFiles/cmTryCompileExec3875704395.dir/feature_tests.c.o   -c /home/ajack/research/codes/examples/step-11/CMakeFiles/feature_tests.c
Linking C executable cmTryCompileExec3875704395
/opt/apps/cmake/3.1.3/bin/cmake -E cmake_link_script CMakeFiles/cmTryCompileExec3875704395.dir/link.txt --verbose=1
/opt/apps/gcc/4.7.2/bin/gcc      CMakeFiles/cmTryCompileExec3875704395.dir/feature_tests.c.o  -o cmTryCompileExec3875704395 -rdynamic 
gmake[1]: Leaving directory `/home/ajack/research/codes/examples/step-11/CMakeFiles/CMakeTmp'


    Feature record: C_FEATURE:0c_function_prototypes
    Feature record: C_FEATURE:1c_restrict
    Feature record: C_FEATURE:0c_static_assert
    Feature record: C_FEATURE:1c_variadic_macros


Detecting C [-std=c11] compiler features compiled with the following output:
Change Dir: /home/ajack/research/codes/examples/step-11/CMakeFiles/CMakeTmp

Run Build Command:"/usr/bin/gmake" "cmTryCompileExec3345916692/fast"
/usr/bin/gmake -f CMakeFiles/cmTryCompileExec3345916692.dir/build.make CMakeFiles/cmTryCompileExec3345916692.dir/build
gmake[1]: Entering directory `/home/ajack/research/codes/examples/step-11/CMakeFiles/CMakeTmp'
/opt/apps/cmake/3.1.3/bin/cmake -E cmake_progress_report /home/ajack/research/codes/examples/step-11/CMakeFiles/CMakeTmp/CMakeFiles 1
Building C object CMakeFiles/cmTryCompileExec3345916692.dir/feature_tests.c.o
/opt/apps/gcc/4.7.2/bin/gcc   -std=c11 -o CMakeFiles/cmTryCompileExec3345916692.dir/feature_tests.c.o   -c /home/ajack/research/codes/examples/step-11/CMakeFiles/feature_tests.c
Linking C executable cmTryCompileExec3345916692
/opt/apps/cmake/3.1.3/bin/cmake -E cmake_link_script CMakeFiles/cmTryCompileExec3345916692.dir/link.txt --verbose=1
/opt/apps/gcc/4.7.2/bin/gcc      CMakeFiles/cmTryCompileExec3345916692.dir/feature_tests.c.o  -o cmTryCompileExec3345916692 -rdynamic 
gmake[1]: Leaving directory `/home/ajack/research/codes/examples/step-11/CMakeFiles/CMakeTmp'


    Feature record: C_FEATURE:0c_function_prototypes
    Feature record: C_FEATURE:1c_restrict
    Feature record: C_FEATURE:1c_static_assert
    Feature record: C_FEATURE:1c_variadic_macros
Determining if the CXX compiler works passed with the following output:
Change Dir: /home/ajack/research/codes/examples/step-11/CMakeFiles/CMakeTmp

Run Build Command:"/usr/bin/gmake" "cmTryCompileExec3928547460/fast"
/usr/bin/gmake -f CMakeFiles/cmTryCompileExec3928547460.dir/build.make CMakeFiles/cmTryCompileExec3928547460.dir/build
gmake[1]: Entering directory `/home/ajack/research/codes/examples/step-11/CMakeFiles/CMakeTmp'
/opt/apps/cmake/3.1.3/bin/cmake -E cmake_progress_report /home/ajack/research/codes/examples/step-11/CMakeFiles/CMakeTmp/CMakeFiles 1
Building CXX object CMakeFiles/cmTryCompileExec3928547460.dir/testCXXCompiler.cxx.o
/opt/apps/gcc/4.7.2/bin/g++     -o CMakeFiles/cmTryCompileExec3928547460.dir/testCXXCompiler.cxx.o -c /home/ajack/research/codes/examples/step-11/CMakeFiles/CMakeTmp/testCXXCompiler.cxx
Linking CXX executable cmTryCompileExec3928547460
/opt/apps/cmake/3.1.3/bin/cmake -E cmake_link_script CMakeFiles/cmTryCompileExec3928547460.dir/link.txt --verbose=1
/opt/apps/gcc/4.7.2/bin/g++       CMakeFiles/cmTryCompileExec3928547460.dir/testCXXCompiler.cxx.o  -o cmTryCompileExec3928547460 -rdynamic 
gmake[1]: Leaving directory `/home/ajack/research/codes/examples/step-11/CMakeFiles/CMakeTmp'


Detecting CXX compiler ABI info compiled with the following output:
Change Dir: /home/ajack/research/codes/examples/step-11/CMakeFiles/CMakeTmp

Run Build Command:"/usr/bin/gmake" "cmTryCompileExec381736633/fast"
/usr/bin/gmake -f CMakeFiles/cmTryCompileExec381736633.dir/build.make CMakeFiles/cmTryCompileExec381736633.dir/build
gmake[1]: Entering directory `/home/ajack/research/codes/examples/step-11/CMakeFiles/CMakeTmp'
/opt/apps/cmake/3.1.3/bin/cmake -E cmake_progress_report /home/ajack/research/codes/examples/step-11/CMakeFiles/CMakeTmp/CMakeFiles 1
Building CXX object CMakeFiles/cmTryCompileExec381736633.dir/CMakeCXXCompilerABI.cpp.o
/opt/apps/gcc/4.7.2/bin/g++     -o CMakeFiles/cmTryCompileExec381736633.dir/CMakeCXXCompilerABI.cpp.o -c /opt/apps/cmake/3.1.3/share/cmake-3.1/Modules/CMakeCXXCompilerABI.cpp
Linking CXX executable cmTryCompileExec381736633
/opt/apps/cmake/3.1.3/bin/cmake -E cmake_link_script CMakeFiles/cmTryCompileExec381736633.dir/link.txt --verbose=1
/opt/apps/gcc/4.7.2/bin/g++      -v CMakeFiles/cmTryCompileExec381736633.dir/CMakeCXXCompilerABI.cpp.o  -o cmTryCompileExec381736633 -rdynamic  
Using built-in specs.
COLLECT_GCC=/opt/apps/gcc/4.7.2/bin/g++
COLLECT_LTO_WRAPPER=/opt/apps/gcc/4.7.2/libexec/gcc/x86_64-unknown-linux-gnu/4.7.2/lto-wrapper
Target: x86_64-unknown-linux-gnu
Configured with: ./configure --prefix=/opt/apps/gcc/4.7.2 --enable-bootstrap --enable-checking=release --enable-__cxa_atexit --enable-languages=c,c++,fortran --enable-shared --with-arch_32=i686 --with-system-zlib --with-tune=generic --with-gmp=/opt/apps/gcc/4.7.2 --with-mpfr=/opt/apps/gcc/4.7.2 --with-mpc=/opt/apps/gcc/4.7.2
Thread model: posix
gcc version 4.7.2 (GCC) 
COMPILER_PATH=/opt/apps/gcc/4.7.2/libexec/gcc/x86_64-unknown-linux-gnu/4.7.2/:/opt/apps/gcc/4.7.2/libexec/gcc/x86_64-unknown-linux-gnu/4.7.2/:/opt/apps/gcc/4.7.2/libexec/gcc/x86_64-unknown-linux-gnu/:/opt/apps/gcc/4.7.2/lib/gcc/x86_64-unknown-linux-gnu/4.7.2/:/opt/apps/gcc/4.7.2/lib/gcc/x86_64-unknown-linux-gnu/
LIBRARY_PATH=/opt/apps/gcc/4.7.2/lib/gcc/x86_64-unknown-linux-gnu/4.7.2/:/opt/apps/gcc/4.7.2/lib/gcc/x86_64-unknown-linux-gnu/4.7.2/../../../../lib64/:/lib/../lib64/:/usr/lib/../lib64/:/opt/apps/gcc/4.7.2/lib/gcc/x86_64-unknown-linux-gnu/4.7.2/../../../:/lib/:/usr/lib/
COLLECT_GCC_OPTIONS='-v' '-o' 'cmTryCompileExec381736633' '-rdynamic' '-shared-libgcc' '-mtune=generic' '-march=x86-64'
 /opt/apps/gcc/4.7.2/libexec/gcc/x86_64-unknown-linux-gnu/4.7.2/collect2 --eh-frame-hdr -m elf_x86_64 -export-dynamic -dynamic-linker /lib64/ld-linux-x86-64.so.2 -o cmTryCompileExec381736633 /usr/lib/../lib64/crt1.o /usr/lib/../lib64/crti.o /opt/apps/gcc/4.7.2/lib/gcc/x86_64-unknown-linux-gnu/4.7.2/crtbegin.o -L/opt/apps/gcc/4.7.2/lib/gcc/x86_64-unknown-linux-gnu/4.7.2 -L/opt/apps/gcc/4.7.2/lib/gcc/x86_64-unknown-linux-gnu/4.7.2/../../../../lib64 -L/lib/../lib64 -L/usr/lib/../lib64 -L/opt/apps/gcc/4.7.2/lib/gcc/x86_64-unknown-linux-gnu/4.7.2/../../.. CMakeFiles/cmTryCompileExec381736633.dir/CMakeCXXCompilerABI.cpp.o -lstdc++ -lm -lgcc_s -lgcc -lc -lgcc_s -lgcc /opt/apps/gcc/4.7.2/lib/gcc/x86_64-unknown-linux-gnu/4.7.2/crtend.o /usr/lib/../lib64/crtn.o
gmake[1]: Leaving directory `/home/ajack/research/codes/examples/step-11/CMakeFiles/CMakeTmp'


Parsed CXX implicit link information from above output:
  link line regex: [^( *|.*[/\])(ld|([^/\]+-)?ld|collect2)[^/\]*( |$)]
  ignore line: [Change Dir: /home/ajack/research/codes/examples/step-11/CMakeFiles/CMakeTmp]
  ignore line: []
  ignore line: [Run Build Command:"/usr/bin/gmake" "cmTryCompileExec381736633/fast"]
  ignore line: [/usr/bin/gmake -f CMakeFiles/cmTryCompileExec381736633.dir/build.make CMakeFiles/cmTryCompileExec381736633.dir/build]
  ignore line: [gmake[1]: Entering directory `/home/ajack/research/codes/examples/step-11/CMakeFiles/CMakeTmp']
  ignore line: [/opt/apps/cmake/3.1.3/bin/cmake -E cmake_progress_report /home/ajack/research/codes/examples/step-11/CMakeFiles/CMakeTmp/CMakeFiles 1]
  ignore line: [Building CXX object CMakeFiles/cmTryCompileExec381736633.dir/CMakeCXXCompilerABI.cpp.o]
  ignore line: [/opt/apps/gcc/4.7.2/bin/g++     -o CMakeFiles/cmTryCompileExec381736633.dir/CMakeCXXCompilerABI.cpp.o -c /opt/apps/cmake/3.1.3/share/cmake-3.1/Modules/CMakeCXXCompilerABI.cpp]
  ignore line: [Linking CXX executable cmTryCompileExec381736633]
  ignore line: [/opt/apps/cmake/3.1.3/bin/cmake -E cmake_link_script CMakeFiles/cmTryCompileExec381736633.dir/link.txt --verbose=1]
  ignore line: [/opt/apps/gcc/4.7.2/bin/g++      -v CMakeFiles/cmTryCompileExec381736633.dir/CMakeCXXCompilerABI.cpp.o  -o cmTryCompileExec381736633 -rdynamic  ]
  ignore line: [Using built-in specs.]
  ignore line: [COLLECT_GCC=/opt/apps/gcc/4.7.2/bin/g++]
  ignore line: [COLLECT_LTO_WRAPPER=/opt/apps/gcc/4.7.2/libexec/gcc/x86_64-unknown-linux-gnu/4.7.2/lto-wrapper]
  ignore line: [Target: x86_64-unknown-linux-gnu]
  ignore line: [Configured with: ./configure --prefix=/opt/apps/gcc/4.7.2 --enable-bootstrap --enable-checking=release --enable-__cxa_atexit --enable-languages=c,c++,fortran --enable-shared --with-arch_32=i686 --with-system-zlib --with-tune=generic --with-gmp=/opt/apps/gcc/4.7.2 --with-mpfr=/opt/apps/gcc/4.7.2 --with-mpc=/opt/apps/gcc/4.7.2]
  ignore line: [Thread model: posix]
  ignore line: [gcc version 4.7.2 (GCC) ]
  ignore line: [COMPILER_PATH=/opt/apps/gcc/4.7.2/libexec/gcc/x86_64-unknown-linux-gnu/4.7.2/:/opt/apps/gcc/4.7.2/libexec/gcc/x86_64-unknown-linux-gnu/4.7.2/:/opt/apps/gcc/4.7.2/libexec/gcc/x86_64-unknown-linux-gnu/:/opt/apps/gcc/4.7.2/lib/gcc/x86_64-unknown-linux-gnu/4.7.2/:/opt/apps/gcc/4.7.2/lib/gcc/x86_64-unknown-linux-gnu/]
  ignore line: [LIBRARY_PATH=/opt/apps/gcc/4.7.2/lib/gcc/x86_64-unknown-linux-gnu/4.7.2/:/opt/apps/gcc/4.7.2/lib/gcc/x86_64-unknown-linux-gnu/4.7.2/../../../../lib64/:/lib/../lib64/:/usr/lib/../lib64/:/opt/apps/gcc/4.7.2/lib/gcc/x86_64-unknown-linux-gnu/4.7.2/../../../:/lib/:/usr/lib/]
  ignore line: [COLLECT_GCC_OPTIONS='-v' '-o' 'cmTryCompileExec381736633' '-rdynamic' '-shared-libgcc' '-mtune=generic' '-march=x86-64']
  link line: [ /opt/apps/gcc/4.7.2/libexec/gcc/x86_64-unknown-linux-gnu/4.7.2/collect2 --eh-frame-hdr -m elf_x86_64 -export-dynamic -dynamic-linker /lib64/ld-linux-x86-64.so.2 -o cmTryCompileExec381736633 /usr/lib/../lib64/crt1.o /usr/lib/../lib64/crti.o /opt/apps/gcc/4.7.2/lib/gcc/x86_64-unknown-linux-gnu/4.7.2/crtbegin.o -L/opt/apps/gcc/4.7.2/lib/gcc/x86_64-unknown-linux-gnu/4.7.2 -L/opt/apps/gcc/4.7.2/lib/gcc/x86_64-unknown-linux-gnu/4.7.2/../../../../lib64 -L/lib/../lib64 -L/usr/lib/../lib64 -L/opt/apps/gcc/4.7.2/lib/gcc/x86_64-unknown-linux-gnu/4.7.2/../../.. CMakeFiles/cmTryCompileExec381736633.dir/CMakeCXXCompilerABI.cpp.o -lstdc++ -lm -lgcc_s -lgcc -lc -lgcc_s -lgcc /opt/apps/gcc/4.7.2/lib/gcc/x86_64-unknown-linux-gnu/4.7.2/crtend.o /usr/lib/../lib64/crtn.o]
    arg [/opt/apps/gcc/4.7.2/libexec/gcc/x86_64-unknown-linux-gnu/4.7.2/collect2] ==> ignore
    arg [--eh-frame-hdr] ==> ignore
    arg [-m] ==> ignore
    arg [elf_x86_64] ==> ignore
    arg [-export-dynamic] ==> ignore
    arg [-dynamic-linker] ==> ignore
    arg [/lib64/ld-linux-x86-64.so.2] ==> ignore
    arg [-o] ==> ignore
    arg [cmTryCompileExec381736633] ==> ignore
    arg [/usr/lib/../lib64/crt1.o] ==> ignore
    arg [/usr/lib/../lib64/crti.o] ==> ignore
    arg [/opt/apps/gcc/4.7.2/lib/gcc/x86_64-unknown-linux-gnu/4.7.2/crtbegin.o] ==> ignore
    arg [-L/opt/apps/gcc/4.7.2/lib/gcc/x86_64-unknown-linux-gnu/4.7.2] ==> dir [/opt/apps/gcc/4.7.2/lib/gcc/x86_64-unknown-linux-gnu/4.7.2]
    arg [-L/opt/apps/gcc/4.7.2/lib/gcc/x86_64-unknown-linux-gnu/4.7.2/../../../../lib64] ==> dir [/opt/apps/gcc/4.7.2/lib/gcc/x86_64-unknown-linux-gnu/4.7.2/../../../../lib64]
    arg [-L/lib/../lib64] ==> dir [/lib/../lib64]
    arg [-L/usr/lib/../lib64] ==> dir [/usr/lib/../lib64]
    arg [-L/opt/apps/gcc/4.7.2/lib/gcc/x86_64-unknown-linux-gnu/4.7.2/../../..] ==> dir [/opt/apps/gcc/4.7.2/lib/gcc/x86_64-unknown-linux-gnu/4.7.2/../../..]
    arg [CMakeFiles/cmTryCompileExec381736633.dir/CMakeCXXCompilerABI.cpp.o] ==> ignore
    arg [-lstdc++] ==> lib [stdc++]
    arg [-lm] ==> lib [m]
    arg [-lgcc_s] ==> lib [gcc_s]
    arg [-lgcc] ==> lib [gcc]
    arg [-lc] ==> lib [c]
    arg [-lgcc_s] ==> lib [gcc_s]
    arg [-lgcc] ==> lib [gcc]
    arg [/opt/apps/gcc/4.7.2/lib/gcc/x86_64-unknown-linux-gnu/4.7.2/crtend.o] ==> ignore
    arg [/usr/lib/../lib64/crtn.o] ==> ignore
  remove lib [gcc_s]
  remove lib [gcc]
  remove lib [gcc_s]
  remove lib [gcc]
  collapse library dir [/opt/apps/gcc/4.7.2/lib/gcc/x86_64-unknown-linux-gnu/4.7.2] ==> [/opt/apps/gcc/4.7.2/lib/gcc/x86_64-unknown-linux-gnu/4.7.2]
  collapse library dir [/opt/apps/gcc/4.7.2/lib/gcc/x86_64-unknown-linux-gnu/4.7.2/../../../../lib64] ==> [/opt/apps/gcc/4.7.2/lib64]
  collapse library dir [/lib/../lib64] ==> [/lib64]
  collapse library dir [/usr/lib/../lib64] ==> [/usr/lib64]
  collapse library dir [/opt/apps/gcc/4.7.2/lib/gcc/x86_64-unknown-linux-gnu/4.7.2/../../..] ==> [/opt/apps/gcc/4.7.2/lib]
  implicit libs: [stdc++;m;c]
  implicit dirs: [/opt/apps/gcc/4.7.2/lib/gcc/x86_64-unknown-linux-gnu/4.7.2;/opt/apps/gcc/4.7.2/lib64;/lib64;/usr/lib64;/opt/apps/gcc/4.7.2/lib]
  implicit fwks: []




Detecting CXX [-std=c++11] compiler features compiled with the following output:
Change Dir: /home/ajack/research/codes/examples/step-11/CMakeFiles/CMakeTmp

Run Build Command:"/usr/bin/gmake" "cmTryCompileExec863399672/fast"
/usr/bin/gmake -f CMakeFiles/cmTryCompileExec863399672.dir/build.make CMakeFiles/cmTryCompileExec863399672.dir/build
gmake[1]: Entering directory `/home/ajack/research/codes/examples/step-11/CMakeFiles/CMakeTmp'
/opt/apps/cmake/3.1.3/bin/cmake -E cmake_progress_report /home/ajack/research/codes/examples/step-11/CMakeFiles/CMakeTmp/CMakeFiles 1
Building CXX object CMakeFiles/cmTryCompileExec863399672.dir/feature_tests.cxx.o
/opt/apps/gcc/4.7.2/bin/g++    -std=c++11 -o CMakeFiles/cmTryCompileExec863399672.dir/feature_tests.cxx.o -c /home/ajack/research/codes/examples/step-11/CMakeFiles/feature_tests.cxx
Linking CXX executable cmTryCompileExec863399672
/opt/apps/cmake/3.1.3/bin/cmake -E cmake_link_script CMakeFiles/cmTryCompileExec863399672.dir/link.txt --verbose=1
/opt/apps/gcc/4.7.2/bin/g++       CMakeFiles/cmTryCompileExec863399672.dir/feature_tests.cxx.o  -o cmTryCompileExec863399672 -rdynamic 
gmake[1]: Leaving directory `/home/ajack/research/codes/examples/step-11/CMakeFiles/CMakeTmp'


    Feature record: CXX_FEATURE:1cxx_alias_templates
    Feature record: CXX_FEATURE:0cxx_alignas
    Feature record: CXX_FEATURE:0cxx_alignof
    Feature record: CXX_FEATURE:0cxx_attributes
    Feature record: CXX_FEATURE:0cxx_attribute_deprecated
    Feature record: CXX_FEATURE:1cxx_auto_type
    Feature record: CXX_FEATURE:0cxx_binary_literals
    Feature record: CXX_FEATURE:1cxx_constexpr
    Feature record: CXX_FEATURE:0cxx_contextual_conversions
    Feature record: CXX_FEATURE:1cxx_decltype
    Feature record: CXX_FEATURE:0cxx_decltype_auto
    Feature record: CXX_FEATURE:0cxx_decltype_incomplete_return_types
    Feature record: CXX_FEATURE:1cxx_default_function_template_args
    Feature record: CXX_FEATURE:1cxx_defaulted_functions
    Feature record: CXX_FEATURE:1cxx_defaulted_move_initializers
    Feature record: CXX_FEATURE:1cxx_delegating_constructors
    Feature record: CXX_FEATURE:1cxx_deleted_functions
    Feature record: CXX_FEATURE:0cxx_digit_separators
    Feature record: CXX_FEATURE:1cxx_enum_forward_declarations
    Feature record: CXX_FEATURE:1cxx_explicit_conversions
    Feature record: CXX_FEATURE:1cxx_extended_friend_declarations
    Feature record: CXX_FEATURE:1cxx_extern_templates
    Feature record: CXX_FEATURE:1cxx_final
    Feature record: CXX_FEATURE:1cxx_func_identifier
    Feature record: CXX_FEATURE:1cxx_generalized_initializers
    Feature record: CXX_FEATURE:0cxx_generic_lambdas
    Feature record: CXX_FEATURE:0cxx_inheriting_constructors
    Feature record: CXX_FEATURE:1cxx_inline_namespaces
    Feature record: CXX_FEATURE:1cxx_lambdas
    Feature record: CXX_FEATURE:0cxx_lambda_init_captures
    Feature record: CXX_FEATURE:1cxx_local_type_template_args
    Feature record: CXX_FEATURE:1cxx_long_long_type
    Feature record: CXX_FEATURE:1cxx_noexcept
    Feature record: CXX_FEATURE:1cxx_nonstatic_member_init
    Feature record: CXX_FEATURE:1cxx_nullptr
    Feature record: CXX_FEATURE:1cxx_override
    Feature record: CXX_FEATURE:1cxx_range_for
    Feature record: CXX_FEATURE:1cxx_raw_string_literals
    Feature record: CXX_FEATURE:0cxx_reference_qualified_functions
    Feature record: CXX_FEATURE:0cxx_return_type_deduction
    Feature record: CXX_FEATURE:1cxx_right_angle_brackets
    Feature record: CXX_FEATURE:1cxx_rvalue_references
    Feature record: CXX_FEATURE:1cxx_sizeof_member
    Feature record: CXX_FEATURE:1cxx_static_assert
    Feature record: CXX_FEATURE:1cxx_strong_enums
    Feature record: CXX_FEATURE:1cxx_template_template_parameters
    Feature record: CXX_FEATURE:0cxx_thread_local
    Feature record: CXX_FEATURE:1cxx_trailing_return_types
    Feature record: CXX_FEATURE:1cxx_unicode_literals
    Feature record: CXX_FEATURE:1cxx_uniform_initialization
    Feature record: CXX_FEATURE:1cxx_unrestricted_unions
    Feature record: CXX_FEATURE:1cxx_user_literals
    Feature record: CXX_FEATURE:1cxx_variadic_macros
    Feature record: CXX_FEATURE:1cxx_variadic_templates


Detecting CXX [-std=c++98] compiler features compiled with the following output:
Change Dir: /home/ajack/research/codes/examples/step-11/CMakeFiles/CMakeTmp

Run Build Command:"/usr/bin/gmake" "cmTryCompileExec790689484/fast"
/usr/bin/gmake -f CMakeFiles/cmTryCompileExec790689484.dir/build.make CMakeFiles/cmTryCompileExec790689484.dir/build
gmake[1]: Entering directory `/home/ajack/research/codes/examples/step-11/CMakeFiles/CMakeTmp'
/opt/apps/cmake/3.1.3/bin/cmake -E cmake_progress_report /home/ajack/research/codes/examples/step-11/CMakeFiles/CMakeTmp/CMakeFiles 1
Building CXX object CMakeFiles/cmTryCompileExec790689484.dir/feature_tests.cxx.o
/opt/apps/gcc/4.7.2/bin/g++    -std=c++98 -o CMakeFiles/cmTryCompileExec790689484.dir/feature_tests.cxx.o -c /home/ajack/research/codes/examples/step-11/CMakeFiles/feature_tests.cxx
Linking CXX executable cmTryCompileExec790689484
/opt/apps/cmake/3.1.3/bin/cmake -E cmake_link_script CMakeFiles/cmTryCompileExec790689484.dir/link.txt --verbose=1
/opt/apps/gcc/4.7.2/bin/g++       CMakeFiles/cmTryCompileExec790689484.dir/feature_tests.cxx.o  -o cmTryCompileExec790689484 -rdynamic 
gmake[1]: Leaving directory `/home/ajack/research/codes/examples/step-11/CMakeFiles/CMakeTmp'


    Feature record: CXX_FEATURE:0cxx_alias_templates
    Feature record: CXX_FEATURE:0cxx_alignas
    Feature record: CXX_FEATURE:0cxx_alignof
    Feature record: CXX_FEATURE:0cxx_attributes
    Feature record: CXX_FEATURE:0cxx_attribute_deprecated
    Feature record: CXX_FEATURE:0cxx_auto_type
    Feature record: CXX_FEATURE:0cxx_binary_literals
    Feature record: CXX_FEATURE:0cxx_constexpr
    Feature record: CXX_FEATURE:0cxx_contextual_conversions
    Feature record: CXX_FEATURE:0cxx_decltype
    Feature record: CXX_FEATURE:0cxx_decltype_auto
    Feature record: CXX_FEATURE:0cxx_decltype_incomplete_return_types
    Feature record: CXX_FEATURE:0cxx_default_function_template_args
    Feature record: CXX_FEATURE:0cxx_defaulted_functions
    Feature record: CXX_FEATURE:0cxx_defaulted_move_initializers
    Feature record: CXX_FEATURE:0cxx_delegating_constructors
    Feature record: CXX_FEATURE:0cxx_deleted_functions
    Feature record: CXX_FEATURE:0cxx_digit_separators
    Feature record: CXX_FEATURE:0cxx_enum_forward_declarations
    Feature record: CXX_FEATURE:0cxx_explicit_conversions
    Feature record: CXX_FEATURE:0cxx_extended_friend_declarations
    Feature record: CXX_FEATURE:0cxx_extern_templates
    Feature record: CXX_FEATURE:0cxx_final
    Feature record: CXX_FEATURE:0cxx_func_identifier
    Feature record: CXX_FEATURE:0cxx_generalized_initializers
    Feature record: CXX_FEATURE:0cxx_generic_lambdas
    Feature record: CXX_FEATURE:0cxx_inheriting_constructors
    Feature record: CXX_FEATURE:0cxx_inline_namespaces
    Feature record: CXX_FEATURE:0cxx_lambdas
    Feature record: CXX_FEATURE:0cxx_lambda_init_captures
    Feature record: CXX_FEATURE:0cxx_local_type_template_args
    Feature record: CXX_FEATURE:0cxx_long_long_type
    Feature record: CXX_FEATURE:0cxx_noexcept
    Feature record: CXX_FEATURE:0cxx_nonstatic_member_init
    Feature record: CXX_FEATURE:0cxx_nullptr
    Feature record: CXX_FEATURE:0cxx_override
    Feature record: CXX_FEATURE:0cxx_range_for
    Feature record: CXX_FEATURE:0cxx_raw_string_literals
    Feature record: CXX_FEATURE:0cxx_reference_qualified_functions
    Feature record: CXX_FEATURE:0cxx_return_type_deduction
    Feature record: CXX_FEATURE:0cxx_right_angle_brackets
    Feature record: CXX_FEATURE:0cxx_rvalue_references
    Feature record: CXX_FEATURE:0cxx_sizeof_member
    Feature record: CXX_FEATURE:0cxx_static_assert
    Feature record: CXX_FEATURE:0cxx_strong_enums
    Feature record: CXX_FEATURE:1cxx_template_template_parameters
    Feature record: CXX_FEATURE:0cxx_thread_local
    Feature record: CXX_FEATURE:0cxx_trailing_return_types
    Feature record: CXX_FEATURE:0cxx_unicode_literals
    Feature record: CXX_FEATURE:0cxx_uniform_initialization
    Feature record: CXX_FEATURE:0cxx_unrestricted_unions
    Feature record: CXX_FEATURE:0cxx_user_literals
    Feature record: CXX_FEATURE:0cxx_variadic_macros
    Feature record: CXX_FEATURE:0cxx_variadic_templates
